<?xml version="1.0" encoding="UTF-8"?>
<!-- Generated by org.testng.reporters.JUnitReportReporter -->
<testsuite hostname="Veeranjali" failures="0" tests="1" name="tests.TestRunner" time="16.940" errors="0" timestamp="2024-04-27T03:46:56 IST" skipped="0">
  <testcase classname="tests.TestRunner" name="Search" time="16.940"/>
</testsuite> <!-- tests.TestRunner -->
