<?xml version="1.0" encoding="UTF-8"?>
<!-- Generated by org.testng.reporters.JUnitReportReporter -->
<testsuite hostname="Veeranjali" failures="0" tests="2" name="tests.TestRunner" time="49.095" errors="0" timestamp="2024-04-27T17:22:46 IST" skipped="0">
  <testcase classname="tests.TestRunner" name="Search" time="24.098"/>
  <testcase classname="tests.TestRunner" name="Search" time="24.997"/>
</testsuite> <!-- tests.TestRunner -->
