<?xml version="1.0" encoding="UTF-8"?>
<!-- Generated by org.testng.reporters.JUnitReportReporter -->
<testsuite hostname="Veeranjali" failures="0" tests="2" name="tests.SearchFlightTest" time="51.883" errors="0" timestamp="2024-04-27T19:05:12 IST" skipped="0">
  <testcase classname="tests.SearchFlightTest" name="Search" time="24.459"/>
  <testcase classname="tests.SearchFlightTest" name="Search" time="27.424"/>
</testsuite> <!-- tests.SearchFlightTest -->
