<?xml version="1.0" encoding="UTF-8"?>
<!-- Generated by org.testng.reporters.JUnitReportReporter -->
<testsuite hostname="Veeranjali" failures="0" tests="1" name="tests.SearchErrorValidations" time="6.509" errors="0" timestamp="2024-04-27T17:22:46 IST" skipped="0">
  <testcase classname="tests.SearchErrorValidations" name="ErrorValidation" time="6.509"/>
</testsuite> <!-- tests.SearchErrorValidations -->
