<?xml version="1.0" encoding="UTF-8"?>
<!-- Generated by org.testng.reporters.JUnitReportReporter -->
<testsuite hostname="Veeranjali" failures="0" tests="2" name="tests.TestRunner" time="53.320" errors="0" timestamp="2024-04-27T17:59:26 IST" skipped="0">
  <testcase classname="tests.TestRunner" name="Search" time="28.141"/>
  <testcase classname="tests.TestRunner" name="Search" time="25.179"/>
</testsuite> <!-- tests.TestRunner -->
